# JRE version: OpenJDK Runtime Environment Corretto-11.0.20.9.1 (11.0.20.1+9) (build 11.0.20.1+9-LTS)
# Java VM: OpenJDK 64-Bit Server VM Corretto-11.0.20.9.1 (11.0.20.1+9-LTS, mixed mode, tiered, compressed oops, g1 gc, windows-amd64)
Heap:
 garbage-first heap   total 684032K, used 465821K [0x0000000600000000, 0x0000000800000000)
  region size 2048K, 87 young (178176K), 2 survivors (4096K)
 Metaspace       used 92134K, capacity 95731K, committed 95872K, reserved 1134592K
  class space    used 9451K, capacity 10826K, committed 10880K, reserved 1048576K
GC Heap History (20 events):
Event: 23.753 GC heap before
{Heap before GC invocations=22 (full 0):
 garbage-first heap   total 569344K, used 470431K [0x0000000600000000, 0x0000000800000000)
  region size 2048K, 140 young (286720K), 1 survivors (2048K)
 Metaspace       used 87318K, capacity 90665K, committed 90880K, reserved 1130496K
  class space    used 9193K, capacity 10443K, committed 10496K, reserved 1048576K
}
Event: 23.755 GC heap after
{Heap after GC invocations=23 (full 0):
 garbage-first heap   total 569344K, used 185737K [0x0000000600000000, 0x0000000800000000)
  region size 2048K, 1 young (2048K), 1 survivors (2048K)
 Metaspace       used 87318K, capacity 90665K, committed 90880K, reserved 1130496K
  class space    used 9193K, capacity 10443K, committed 10496K, reserved 1048576K
}
Event: 24.067 GC heap before
{Heap before GC invocations=23 (full 0):
 garbage-first heap   total 569344K, used 478601K [0x0000000600000000, 0x0000000800000000)
  region size 2048K, 144 young (294912K), 1 survivors (2048K)
 Metaspace       used 87318K, capacity 90665K, committed 90880K, reserved 1130496K
  class space    used 9193K, capacity 10443K, committed 10496K, reserved 1048576K
}
Event: 24.069 GC heap after
{Heap after GC invocations=24 (full 0):
 garbage-first heap   total 569344K, used 185737K [0x0000000600000000, 0x0000000800000000)
  region size 2048K, 1 young (2048K), 1 survivors (2048K)
 Metaspace       used 87318K, capacity 90665K, committed 90880K, reserved 1130496K
  class space    used 9193K, capacity 10443K, committed 10496K, reserved 1048576K
}
Event: 24.385 GC heap before
{Heap before GC invocations=24 (full 0):
 garbage-first heap   total 569344K, used 484745K [0x0000000600000000, 0x0000000800000000)
  region size 2048K, 147 young (301056K), 1 survivors (2048K)
 Metaspace       used 87319K, capacity 90665K, committed 90880K, reserved 1130496K
  class space    used 9193K, capacity 10443K, committed 10496K, reserved 1048576K
}
Event: 24.387 GC heap after
{Heap after GC invocations=25 (full 0):
 garbage-first heap   total 569344K, used 185732K [0x0000000600000000, 0x0000000800000000)
  region size 2048K, 1 young (2048K), 1 survivors (2048K)
 Metaspace       used 87319K, capacity 90665K, committed 90880K, reserved 1130496K
  class space    used 9193K, capacity 10443K, committed 10496K, reserved 1048576K
}
Event: 30.741 GC heap before
{Heap before GC invocations=25 (full 0):
 garbage-first heap   total 569344K, used 513412K [0x0000000600000000, 0x0000000800000000)
  region size 2048K, 149 young (305152K), 1 survivors (2048K)
 Metaspace       used 90431K, capacity 93994K, committed 94208K, reserved 1132544K
  class space    used 9393K, capacity 10751K, committed 10752K, reserved 1048576K
}
Event: 30.763 GC heap after
{Heap after GC invocations=26 (full 0):
 garbage-first heap   total 569344K, used 252520K [0x0000000600000000, 0x0000000800000000)
  region size 2048K, 19 young (38912K), 19 survivors (38912K)
 Metaspace       used 90431K, capacity 93994K, committed 94208K, reserved 1132544K
  class space    used 9393K, capacity 10751K, committed 10752K, reserved 1048576K
}
Event: 31.301 GC heap before
{Heap before GC invocations=26 (full 0):
 garbage-first heap   total 569344K, used 463464K [0x0000000600000000, 0x0000000800000000)
  region size 2048K, 122 young (249856K), 19 survivors (38912K)
 Metaspace       used 90544K, capacity 94065K, committed 94208K, reserved 1132544K
  class space    used 9394K, capacity 10752K, committed 10752K, reserved 1048576K
}
Event: 31.339 GC heap after
{Heap after GC invocations=27 (full 0):
 garbage-first heap   total 569344K, used 265064K [0x0000000600000000, 0x0000000800000000)
  region size 2048K, 7 young (14336K), 7 survivors (14336K)
 Metaspace       used 90544K, capacity 94065K, committed 94208K, reserved 1132544K
  class space    used 9394K, capacity 10752K, committed 10752K, reserved 1048576K
}
Event: 31.880 GC heap before
{Heap before GC invocations=27 (full 0):
 garbage-first heap   total 569344K, used 465768K [0x0000000600000000, 0x0000000800000000)
  region size 2048K, 105 young (215040K), 7 survivors (14336K)
 Metaspace       used 90574K, capacity 94067K, committed 94208K, reserved 1132544K
  class space    used 9394K, capacity 10752K, committed 10752K, reserved 1048576K
}
Event: 31.900 GC heap after
{Heap after GC invocations=28 (full 0):
 garbage-first heap   total 569344K, used 276641K [0x0000000600000000, 0x0000000800000000)
  region size 2048K, 12 young (24576K), 12 survivors (24576K)
 Metaspace       used 90574K, capacity 94067K, committed 94208K, reserved 1132544K
  class space    used 9394K, capacity 10752K, committed 10752K, reserved 1048576K
}
Event: 32.439 GC heap before
{Heap before GC invocations=28 (full 0):
 garbage-first heap   total 569344K, used 471201K [0x0000000600000000, 0x0000000800000000)
  region size 2048K, 107 young (219136K), 12 survivors (24576K)
 Metaspace       used 90753K, capacity 94282K, committed 94464K, reserved 1132544K
  class space    used 9394K, capacity 10752K, committed 10752K, reserved 1048576K
}
Event: 32.457 GC heap after
{Heap after GC invocations=29 (full 0):
 garbage-first heap   total 569344K, used 292525K [0x0000000600000000, 0x0000000800000000)
  region size 2048K, 14 young (28672K), 14 survivors (28672K)
 Metaspace       used 90753K, capacity 94282K, committed 94464K, reserved 1132544K
  class space    used 9394K, capacity 10752K, committed 10752K, reserved 1048576K
}
Event: 32.957 GC heap before
{Heap before GC invocations=29 (full 0):
 garbage-first heap   total 569344K, used 474797K [0x0000000600000000, 0x0000000800000000)
  region size 2048K, 103 young (210944K), 14 survivors (28672K)
 Metaspace       used 90770K, capacity 94346K, committed 94464K, reserved 1132544K
  class space    used 9394K, capacity 10752K, committed 10752K, reserved 1048576K
}
Event: 32.985 GC heap after
{Heap after GC invocations=30 (full 0):
 garbage-first heap   total 684032K, used 305088K [0x0000000600000000, 0x0000000800000000)
  region size 2048K, 13 young (26624K), 13 survivors (26624K)
 Metaspace       used 90770K, capacity 94346K, committed 94464K, reserved 1132544K
  class space    used 9394K, capacity 10752K, committed 10752K, reserved 1048576K
}
Event: 33.813 GC heap before
{Heap before GC invocations=31 (full 0):
 garbage-first heap   total 684032K, used 516032K [0x0000000600000000, 0x0000000800000000)
  region size 2048K, 127 young (260096K), 13 survivors (26624K)
 Metaspace       used 91015K, capacity 94607K, committed 94848K, reserved 1132544K
  class space    used 9415K, capacity 10775K, committed 10880K, reserved 1048576K
}
Event: 33.841 GC heap after
{Heap after GC invocations=32 (full 0):
 garbage-first heap   total 684032K, used 295500K [0x0000000600000000, 0x0000000800000000)
  region size 2048K, 13 young (26624K), 13 survivors (26624K)
 Metaspace       used 91015K, capacity 94607K, committed 94848K, reserved 1132544K
  class space    used 9415K, capacity 10775K, committed 10880K, reserved 1048576K
}
Event: 33.898 GC heap before
{Heap before GC invocations=32 (full 0):
 garbage-first heap   total 684032K, used 299596K [0x0000000600000000, 0x0000000800000000)
  region size 2048K, 16 young (32768K), 13 survivors (26624K)
 Metaspace       used 91027K, capacity 94607K, committed 94848K, reserved 1132544K
  class space    used 9416K, capacity 10775K, committed 10880K, reserved 1048576K
}
Event: 33.918 GC heap after
{Heap after GC invocations=33 (full 0):
 garbage-first heap   total 684032K, used 291741K [0x0000000600000000, 0x0000000800000000)
  region size 2048K, 2 young (4096K), 2 survivors (4096K)
 Metaspace       used 91027K, capacity 94607K, committed 94848K, reserved 1132544K
  class space    used 9416K, capacity 10775K, committed 10880K, reserved 1048576K
}

